<?xml version="1.0" encoding="UTF-8"?>
<!-- Generated by org.testng.reporters.JUnitXMLReporter -->
<testsuite ignored="0" hostname="UTIPPANAMBP18.local" failures="0" tests="3" name="Products Page Test" time="30.478" errors="0" timestamp="2023-05-22T13:07:56 IST">
  <testcase classname="pageTests.ProductsPageTest" name="addProductToCart" time="5.295"/>
  <testcase classname="pageTests.ProductsPageTest" name="verifyProductIsPresent" time="0.393"/>
  <testcase classname="pageTests.ProductsPageTest" name="verifyProductsPageTitle" time="5.035"/>
</testsuite> <!-- Products Page Test -->
