<?xml version="1.0" encoding="UTF-8"?>
<!-- Generated by org.testng.reporters.JUnitXMLReporter -->
<testsuite ignored="2" hostname="UTIPPANAMBP18.local" failures="0" tests="1" name="Default test" time="18.208" errors="0" timestamp="2023-05-22T14:55:21 IST">
  <testcase classname="pageTests.YourCartPageTest" name="verify_Product_In_Cart" time="5.924"/>
  <testcase classname="pageTests.YourCartPageTest" name="verify_removeProduct_From_CartPage" time="0.0">
    <ignored/>
  </testcase> <!-- verify_removeProduct_From_CartPage -->
  <testcase classname="pageTests.YourCartPageTest" name="verifyTitle_YourCartPage" time="0.0">
    <ignored/>
  </testcase> <!-- verifyTitle_YourCartPage -->
</testsuite> <!-- Default test -->
