<?xml version="1.0" encoding="UTF-8"?>
<!-- Generated by org.testng.reporters.JUnitXMLReporter -->
<testsuite ignored="0" hostname="UTIPPANAMBP18.local" failures="2" tests="4" name="Test" time="20.515" errors="0" timestamp="2023-05-10T08:22:53 IST">
  <testcase classname="pageTests.YourCartPageTest" name="verifyProduct_In_Cart" time="0.265">
    <skipped/>
  </testcase> <!-- verifyProduct_In_Cart -->
  <testcase classname="pageTests.YourCartPageTest" name="verifyProduct_In_Cart" time="0.279">
    <failure type="java.lang.NullPointerException">
      <![CDATA[java.lang.NullPointerException
at pageTests.YourCartPageTest.verifyProduct_In_Cart(YourCartPageTest.java:49)
at java.base/java.util.ArrayList.forEach(ArrayList.java:1541)
... Removed 27 stack frames]]>
    </failure>
  </testcase> <!-- verifyProduct_In_Cart -->
  <testcase classname="pageTests.YourCartPageTest" name="verifyTitle_YourCartPage" time="0.258">
    <skipped/>
  </testcase> <!-- verifyTitle_YourCartPage -->
  <testcase classname="pageTests.YourCartPageTest" name="verifyTitle_YourCartPage" time="0.258">
    <failure type="java.lang.NullPointerException">
      <![CDATA[java.lang.NullPointerException
at pageTests.YourCartPageTest.verifyTitle_YourCartPage(YourCartPageTest.java:40)
at java.base/java.util.ArrayList.forEach(ArrayList.java:1541)
... Removed 27 stack frames]]>
    </failure>
  </testcase> <!-- verifyTitle_YourCartPage -->
</testsuite> <!-- Test -->
