<?xml version="1.0" encoding="UTF-8"?>
<!-- Generated by org.testng.reporters.JUnitXMLReporter -->
<testsuite ignored="0" hostname="Udayas-MacBook-Air.local" failures="1" tests="7" name="Test - SauceLabs Demo Website" time="116.952" errors="0" timestamp="2023-05-28T16:57:44 IST">
  <testcase classname="pageTests.YourCartPageTest" name="verifyTitle_YourCartPage" time="8.154"/>
  <testcase classname="pageTests.YourCartPageTest" name="verify_Product_In_Cart" time="7.992"/>
  <testcase classname="pageTests.YourCartPageTest" name="verify_removeProduct_From_CartPage" time="18.557">
    <failure type="java.lang.AssertionError" message="Product from cart is not removed expected [true] but found [false]">
      <![CDATA[java.lang.AssertionError: Product from cart is not removed expected [true] but found [false]
at pageTests.YourCartPageTest.verify_removeProduct_From_CartPage(YourCartPageTest.java:108)
at java.base/java.util.ArrayList.forEach(ArrayList.java:1541)
... Removed 32 stack frames]]>
    </failure>
  </testcase> <!-- verify_removeProduct_From_CartPage -->
  <testcase classname="pageTests.ProductsPageTest" name="addProductToCart" time="5.432"/>
  <testcase classname="pageTests.ProductsPageTest" name="verifyProductIsPresent" time="5.313"/>
  <testcase classname="pageTests.ProductsPageTest" name="verifyProductsPageTitle" time="5.082"/>
  <testcase classname="pageTests.LoginPageTest" name="verifyLoginPageTest" time="7.362"/>
</testsuite> <!-- Test - SauceLabs Demo Website -->
