<?xml version="1.0" encoding="UTF-8"?>
<!-- Generated by org.testng.reporters.JUnitXMLReporter -->
<testsuite ignored="0" hostname="Udayas-MacBook-Air.local" failures="1" tests="7" name="Test - SauceLabs Demo Website" time="120.632" errors="0" timestamp="2023-05-28T16:35:50 IST">
  <testcase classname="pageTests.YourCartPageTest" name="verifyTitle_YourCartPage" time="8.218"/>
  <testcase classname="pageTests.YourCartPageTest" name="verify_Product_In_Cart" time="8.047"/>
  <testcase classname="pageTests.YourCartPageTest" name="verify_removeProduct_From_CartPage" time="18.321">
    <failure type="java.lang.AssertionError" message="Product from cart is not removed expected [true] but found [false]">
      <![CDATA[java.lang.AssertionError: Product from cart is not removed expected [true] but found [false]
at pageTests.YourCartPageTest.verify_removeProduct_From_CartPage(YourCartPageTest.java:108)
at java.base/java.util.ArrayList.forEach(ArrayList.java:1541)
... Removed 35 stack frames]]>
    </failure>
  </testcase> <!-- verify_removeProduct_From_CartPage -->
  <testcase classname="pageTests.ProductsPageTest" name="addProductToCart" time="5.47"/>
  <testcase classname="pageTests.ProductsPageTest" name="verifyProductIsPresent" time="5.318"/>
  <testcase classname="pageTests.ProductsPageTest" name="verifyProductsPageTitle" time="5.093"/>
  <testcase classname="pageTests.LoginPageTest" name="verifyLoginPageTest" time="7.416"/>
</testsuite> <!-- Test - SauceLabs Demo Website -->
