-------------------------------------------------------------------------------
Test set: TestSuite
-------------------------------------------------------------------------------
Tests run: 7, Failures: 1, Errors: 0, Skipped: 0, Time elapsed: 121.324 s <<< FAILURE! - in TestSuite
verify_removeProduct_From_CartPage(pageTests.YourCartPageTest)  Time elapsed: 18.331 s  <<< FAILURE!
java.lang.AssertionError: Product from cart is not removed expected [true] but found [false]
	at pageTests.YourCartPageTest.verify_removeProduct_From_CartPage(YourCartPageTest.java:108)

