<?xml version="1.0" encoding="UTF-8"?>
<testng-results ignored="0" total="7" passed="6" failed="1" skipped="0">
  <reporter-output>
  </reporter-output>
  <suite started-at="2023-05-28T16:33:50 IST" name="Suite" finished-at="2023-05-28T16:35:50 IST" duration-ms="120632">
    <groups>
    </groups>
    <test started-at="2023-05-28T16:33:50 IST" name="Test - SauceLabs Demo Website" finished-at="2023-05-28T16:35:50 IST" duration-ms="120632">
      <class name="pageTests.ProductsPageTest">
        <test-method is-config="true" signature="setUp()[pri:0, instance:pageTests.ProductsPageTest@554cd74a]" started-at="2023-05-28T16:34:52 IST" name="setUp" finished-at="2023-05-28T16:35:01 IST" duration-ms="8735" status="PASS">
          <reporter-output>
          </reporter-output>
        </test-method> <!-- setUp -->
        <test-method signature="addProductToCart()[pri:0, instance:pageTests.ProductsPageTest@554cd74a]" started-at="2023-05-28T16:35:01 IST" name="addProductToCart" finished-at="2023-05-28T16:35:07 IST" duration-ms="5470" status="PASS">
          <reporter-output>
          </reporter-output>
        </test-method> <!-- addProductToCart -->
        <test-method is-config="true" signature="tearDown()[pri:0, instance:pageTests.ProductsPageTest@554cd74a]" started-at="2023-05-28T16:35:07 IST" name="tearDown" finished-at="2023-05-28T16:35:07 IST" duration-ms="250" status="PASS">
          <reporter-output>
          </reporter-output>
        </test-method> <!-- tearDown -->
        <test-method is-config="true" signature="setUp()[pri:0, instance:pageTests.ProductsPageTest@554cd74a]" started-at="2023-05-28T16:35:07 IST" name="setUp" finished-at="2023-05-28T16:35:16 IST" duration-ms="8870" status="PASS">
          <reporter-output>
          </reporter-output>
        </test-method> <!-- setUp -->
        <test-method signature="verifyProductIsPresent()[pri:0, instance:pageTests.ProductsPageTest@554cd74a]" started-at="2023-05-28T16:35:16 IST" name="verifyProductIsPresent" finished-at="2023-05-28T16:35:21 IST" duration-ms="5318" status="PASS">
          <reporter-output>
          </reporter-output>
        </test-method> <!-- verifyProductIsPresent -->
        <test-method is-config="true" signature="tearDown()[pri:0, instance:pageTests.ProductsPageTest@554cd74a]" started-at="2023-05-28T16:35:21 IST" name="tearDown" finished-at="2023-05-28T16:35:21 IST" duration-ms="250" status="PASS">
          <reporter-output>
          </reporter-output>
        </test-method> <!-- tearDown -->
        <test-method is-config="true" signature="setUp()[pri:0, instance:pageTests.ProductsPageTest@554cd74a]" started-at="2023-05-28T16:35:21 IST" name="setUp" finished-at="2023-05-28T16:35:31 IST" duration-ms="9604" status="PASS">
          <reporter-output>
          </reporter-output>
        </test-method> <!-- setUp -->
        <test-method signature="verifyProductsPageTitle()[pri:0, instance:pageTests.ProductsPageTest@554cd74a]" started-at="2023-05-28T16:35:31 IST" name="verifyProductsPageTitle" finished-at="2023-05-28T16:35:36 IST" duration-ms="5093" status="PASS">
          <reporter-output>
          </reporter-output>
        </test-method> <!-- verifyProductsPageTitle -->
        <test-method is-config="true" signature="tearDown()[pri:0, instance:pageTests.ProductsPageTest@554cd74a]" started-at="2023-05-28T16:35:36 IST" name="tearDown" finished-at="2023-05-28T16:35:36 IST" duration-ms="230" status="PASS">
          <reporter-output>
          </reporter-output>
        </test-method> <!-- tearDown -->
      </class> <!-- pageTests.ProductsPageTest -->
      <class name="pageTests.YourCartPageTest">
        <test-method is-config="true" signature="setUp()[pri:0, instance:pageTests.YourCartPageTest@6f4ade6e]" started-at="2023-05-28T16:33:55 IST" name="setUp" finished-at="2023-05-28T16:34:05 IST" duration-ms="9329" status="PASS">
          <reporter-output>
          </reporter-output>
        </test-method> <!-- setUp -->
        <test-method signature="verifyTitle_YourCartPage(java.lang.String,java.lang.String)[pri:0, instance:pageTests.YourCartPageTest@6f4ade6e]" started-at="2023-05-28T16:34:05 IST" name="verifyTitle_YourCartPage" description="To verify title of the Page : Your Cart" data-provider="getCredentialsTestData" finished-at="2023-05-28T16:34:13 IST" duration-ms="8218" status="PASS">
          <params>
            <param index="0">
              <value>
                <![CDATA[standard_user]]>
              </value>
            </param>
            <param index="1">
              <value>
                <![CDATA[secret_sauce]]>
              </value>
            </param>
          </params>
          <reporter-output>
          </reporter-output>
        </test-method> <!-- verifyTitle_YourCartPage -->
        <test-method is-config="true" signature="tearDown()[pri:0, instance:pageTests.YourCartPageTest@6f4ade6e]" started-at="2023-05-28T16:34:13 IST" name="tearDown" finished-at="2023-05-28T16:34:13 IST" duration-ms="259" status="PASS">
          <reporter-output>
          </reporter-output>
        </test-method> <!-- tearDown -->
        <test-method is-config="true" signature="setUp()[pri:0, instance:pageTests.YourCartPageTest@6f4ade6e]" started-at="2023-05-28T16:34:13 IST" name="setUp" finished-at="2023-05-28T16:34:19 IST" duration-ms="5977" status="PASS">
          <reporter-output>
          </reporter-output>
        </test-method> <!-- setUp -->
        <test-method signature="verify_Product_In_Cart(java.lang.String,java.lang.String)[pri:0, instance:pageTests.YourCartPageTest@6f4ade6e]" started-at="2023-05-28T16:34:19 IST" name="verify_Product_In_Cart" description="Adding product to Cart" data-provider="getCredentialsTestData" finished-at="2023-05-28T16:34:27 IST" duration-ms="8047" status="PASS">
          <params>
            <param index="0">
              <value>
                <![CDATA[standard_user]]>
              </value>
            </param>
            <param index="1">
              <value>
                <![CDATA[secret_sauce]]>
              </value>
            </param>
          </params>
          <reporter-output>
          </reporter-output>
        </test-method> <!-- verify_Product_In_Cart -->
        <test-method is-config="true" signature="tearDown()[pri:0, instance:pageTests.YourCartPageTest@6f4ade6e]" started-at="2023-05-28T16:34:27 IST" name="tearDown" finished-at="2023-05-28T16:34:28 IST" duration-ms="248" status="PASS">
          <reporter-output>
          </reporter-output>
        </test-method> <!-- tearDown -->
        <test-method is-config="true" signature="setUp()[pri:0, instance:pageTests.YourCartPageTest@6f4ade6e]" started-at="2023-05-28T16:34:28 IST" name="setUp" finished-at="2023-05-28T16:34:34 IST" duration-ms="5916" status="PASS">
          <reporter-output>
          </reporter-output>
        </test-method> <!-- setUp -->
        <test-method signature="verify_removeProduct_From_CartPage(java.lang.String,java.lang.String)[pri:0, instance:pageTests.YourCartPageTest@6f4ade6e]" started-at="2023-05-28T16:34:34 IST" name="verify_removeProduct_From_CartPage" description="Removing product from Cart" data-provider="getCredentialsTestData" finished-at="2023-05-28T16:34:52 IST" duration-ms="18321" status="FAIL">
          <params>
            <param index="0">
              <value>
                <![CDATA[standard_user]]>
              </value>
            </param>
            <param index="1">
              <value>
                <![CDATA[secret_sauce]]>
              </value>
            </param>
          </params>
          <exception class="java.lang.AssertionError">
            <message>
              <![CDATA[Product from cart is not removed expected [true] but found [false]]]>
            </message>
            <full-stacktrace>
              <![CDATA[java.lang.AssertionError: Product from cart is not removed expected [true] but found [false]
at org.testng.Assert.fail(Assert.java:110)
at org.testng.Assert.failNotEquals(Assert.java:1413)
at org.testng.Assert.assertEqualsImpl(Assert.java:149)
at org.testng.Assert.assertEquals(Assert.java:131)
at org.testng.Assert.assertEquals(Assert.java:976)
at pageTests.YourCartPageTest.verify_removeProduct_From_CartPage(YourCartPageTest.java:108)
at java.base/jdk.internal.reflect.NativeMethodAccessorImpl.invoke0(Native Method)
at java.base/jdk.internal.reflect.NativeMethodAccessorImpl.invoke(NativeMethodAccessorImpl.java:62)
at java.base/jdk.internal.reflect.DelegatingMethodAccessorImpl.invoke(DelegatingMethodAccessorImpl.java:43)
at java.base/java.lang.reflect.Method.invoke(Method.java:566)
at org.testng.internal.invokers.MethodInvocationHelper.invokeMethod(MethodInvocationHelper.java:139)
at org.testng.internal.invokers.TestInvoker.invokeMethod(TestInvoker.java:677)
at org.testng.internal.invokers.TestInvoker.invokeTestMethod(TestInvoker.java:221)
at org.testng.internal.invokers.MethodRunner.runInSequence(MethodRunner.java:50)
at org.testng.internal.invokers.TestInvoker$MethodInvocationAgent.invoke(TestInvoker.java:962)
at org.testng.internal.invokers.TestInvoker.invokeTestMethods(TestInvoker.java:194)
at org.testng.internal.invokers.TestMethodWorker.invokeTestMethods(TestMethodWorker.java:148)
at org.testng.internal.invokers.TestMethodWorker.run(TestMethodWorker.java:128)
at java.base/java.util.ArrayList.forEach(ArrayList.java:1541)
at org.testng.TestRunner.privateRun(TestRunner.java:806)
at org.testng.TestRunner.run(TestRunner.java:601)
at org.testng.SuiteRunner.runTest(SuiteRunner.java:433)
at org.testng.SuiteRunner.runSequentially(SuiteRunner.java:427)
at org.testng.SuiteRunner.privateRun(SuiteRunner.java:387)
at org.testng.SuiteRunner.run(SuiteRunner.java:330)
at org.testng.SuiteRunnerWorker.runSuite(SuiteRunnerWorker.java:52)
at org.testng.SuiteRunnerWorker.run(SuiteRunnerWorker.java:95)
at org.testng.TestNG.runSuitesSequentially(TestNG.java:1256)
at org.testng.TestNG.runSuitesLocally(TestNG.java:1176)
at org.testng.TestNG.runSuites(TestNG.java:1099)
at org.testng.TestNG.run(TestNG.java:1067)
at org.apache.maven.surefire.testng.TestNGExecutor.run(TestNGExecutor.java:283)
at org.apache.maven.surefire.testng.TestNGXmlTestSuite.execute(TestNGXmlTestSuite.java:75)
at org.apache.maven.surefire.testng.TestNGProvider.invoke(TestNGProvider.java:120)
at org.apache.maven.surefire.booter.ForkedBooter.invokeProviderInSameClassLoader(ForkedBooter.java:386)
at org.apache.maven.surefire.booter.ForkedBooter.runSuitesInProcess(ForkedBooter.java:323)
at org.apache.maven.surefire.booter.ForkedBooter.main(ForkedBooter.java:143)
]]>
            </full-stacktrace>
          </exception> <!-- java.lang.AssertionError -->
          <reporter-output>
          </reporter-output>
        </test-method> <!-- verify_removeProduct_From_CartPage -->
        <test-method is-config="true" signature="tearDown()[pri:0, instance:pageTests.YourCartPageTest@6f4ade6e]" started-at="2023-05-28T16:34:52 IST" name="tearDown" finished-at="2023-05-28T16:34:52 IST" duration-ms="229" status="PASS">
          <reporter-output>
          </reporter-output>
        </test-method> <!-- tearDown -->
      </class> <!-- pageTests.YourCartPageTest -->
      <class name="pageTests.LoginPageTest">
        <test-method is-config="true" signature="setUp()[pri:0, instance:pageTests.LoginPageTest@37ed010a]" started-at="2023-05-28T16:35:36 IST" name="setUp" finished-at="2023-05-28T16:35:43 IST" duration-ms="6526" status="PASS">
          <reporter-output>
          </reporter-output>
        </test-method> <!-- setUp -->
        <test-method signature="verifyLoginPageTest()[pri:0, instance:pageTests.LoginPageTest@37ed010a]" started-at="2023-05-28T16:35:43 IST" name="verifyLoginPageTest" finished-at="2023-05-28T16:35:50 IST" duration-ms="7416" status="PASS">
          <reporter-output>
          </reporter-output>
        </test-method> <!-- verifyLoginPageTest -->
        <test-method is-config="true" signature="tearDown()[pri:0, instance:pageTests.LoginPageTest@37ed010a]" started-at="2023-05-28T16:35:50 IST" name="tearDown" finished-at="2023-05-28T16:35:50 IST" duration-ms="238" status="PASS">
          <reporter-output>
          </reporter-output>
        </test-method> <!-- tearDown -->
      </class> <!-- pageTests.LoginPageTest -->
    </test> <!-- Test - SauceLabs Demo Website -->
  </suite> <!-- Suite -->
</testng-results>
