<?xml version="1.0" encoding="UTF-8"?>
<testng-results ignored="0" total="7" passed="6" failed="1" skipped="0">
  <reporter-output>
  </reporter-output>
  <suite started-at="2023-07-19T22:59:43 IST" name="Suite" finished-at="2023-07-19T23:00:52 IST" duration-ms="69036">
    <groups>
    </groups>
    <test started-at="2023-07-19T22:59:43 IST" name="Test - SauceLabs Demo Website" finished-at="2023-07-19T23:00:52 IST" duration-ms="69036">
      <class name="pageTests.ProductsPageTest">
        <test-method is-config="true" signature="setUp()[pri:0, instance:pageTests.ProductsPageTest@70f822e]" started-at="2023-07-19T23:00:26 IST" name="setUp" finished-at="2023-07-19T23:00:30 IST" duration-ms="3693" status="PASS">
          <reporter-output>
          </reporter-output>
        </test-method> <!-- setUp -->
        <test-method signature="addProductToCart()[pri:0, instance:pageTests.ProductsPageTest@70f822e]" started-at="2023-07-19T23:00:30 IST" name="addProductToCart" finished-at="2023-07-19T23:00:35 IST" duration-ms="5291" status="PASS">
          <reporter-output>
          </reporter-output>
        </test-method> <!-- addProductToCart -->
        <test-method is-config="true" signature="tearDown()[pri:0, instance:pageTests.ProductsPageTest@70f822e]" started-at="2023-07-19T23:00:35 IST" name="tearDown" finished-at="2023-07-19T23:00:35 IST" duration-ms="117" status="PASS">
          <reporter-output>
          </reporter-output>
        </test-method> <!-- tearDown -->
        <test-method is-config="true" signature="setUp()[pri:0, instance:pageTests.ProductsPageTest@70f822e]" started-at="2023-07-19T23:00:35 IST" name="setUp" finished-at="2023-07-19T23:00:39 IST" duration-ms="3533" status="PASS">
          <reporter-output>
          </reporter-output>
        </test-method> <!-- setUp -->
        <test-method signature="verifyProductIsPresent()[pri:0, instance:pageTests.ProductsPageTest@70f822e]" started-at="2023-07-19T23:00:39 IST" name="verifyProductIsPresent" finished-at="2023-07-19T23:00:39 IST" duration-ms="416" status="PASS">
          <reporter-output>
          </reporter-output>
        </test-method> <!-- verifyProductIsPresent -->
        <test-method is-config="true" signature="tearDown()[pri:0, instance:pageTests.ProductsPageTest@70f822e]" started-at="2023-07-19T23:00:39 IST" name="tearDown" finished-at="2023-07-19T23:00:40 IST" duration-ms="165" status="PASS">
          <reporter-output>
          </reporter-output>
        </test-method> <!-- tearDown -->
        <test-method is-config="true" signature="setUp()[pri:0, instance:pageTests.ProductsPageTest@70f822e]" started-at="2023-07-19T23:00:40 IST" name="setUp" finished-at="2023-07-19T23:00:43 IST" duration-ms="3837" status="PASS">
          <reporter-output>
          </reporter-output>
        </test-method> <!-- setUp -->
        <test-method signature="verifyProductsPageTitle()[pri:0, instance:pageTests.ProductsPageTest@70f822e]" started-at="2023-07-19T23:00:43 IST" name="verifyProductsPageTitle" finished-at="2023-07-19T23:00:48 IST" duration-ms="5041" status="PASS">
          <reporter-output>
          </reporter-output>
        </test-method> <!-- verifyProductsPageTitle -->
        <test-method is-config="true" signature="tearDown()[pri:0, instance:pageTests.ProductsPageTest@70f822e]" started-at="2023-07-19T23:00:48 IST" name="tearDown" finished-at="2023-07-19T23:00:49 IST" duration-ms="149" status="PASS">
          <reporter-output>
          </reporter-output>
        </test-method> <!-- tearDown -->
      </class> <!-- pageTests.ProductsPageTest -->
      <class name="pageTests.YourCartPageTest">
        <test-method is-config="true" signature="setUp()[pri:0, instance:pageTests.YourCartPageTest@1abfe081]" started-at="2023-07-19T22:59:50 IST" name="setUp" finished-at="2023-07-19T22:59:56 IST" duration-ms="6302" status="PASS">
          <reporter-output>
          </reporter-output>
        </test-method> <!-- setUp -->
        <test-method signature="verifyTitle_YourCartPage(java.lang.String,java.lang.String)[pri:0, instance:pageTests.YourCartPageTest@1abfe081]" started-at="2023-07-19T22:59:56 IST" name="verifyTitle_YourCartPage" description="To verify title of the Page : Your Cart" data-provider="getCredentialsTestData" finished-at="2023-07-19T23:00:02 IST" duration-ms="6009" status="PASS">
          <params>
            <param index="0">
              <value>
                <![CDATA[standard_user]]>
              </value>
            </param>
            <param index="1">
              <value>
                <![CDATA[secret_sauce]]>
              </value>
            </param>
          </params>
          <reporter-output>
          </reporter-output>
        </test-method> <!-- verifyTitle_YourCartPage -->
        <test-method is-config="true" signature="tearDown()[pri:0, instance:pageTests.YourCartPageTest@1abfe081]" started-at="2023-07-19T23:00:02 IST" name="tearDown" finished-at="2023-07-19T23:00:02 IST" duration-ms="155" status="PASS">
          <reporter-output>
          </reporter-output>
        </test-method> <!-- tearDown -->
        <test-method is-config="true" signature="setUp()[pri:0, instance:pageTests.YourCartPageTest@1abfe081]" started-at="2023-07-19T23:00:02 IST" name="setUp" finished-at="2023-07-19T23:00:05 IST" duration-ms="3229" status="PASS">
          <reporter-output>
          </reporter-output>
        </test-method> <!-- setUp -->
        <test-method signature="verify_Product_In_Cart(java.lang.String,java.lang.String)[pri:0, instance:pageTests.YourCartPageTest@1abfe081]" started-at="2023-07-19T23:00:06 IST" name="verify_Product_In_Cart" description="Adding product to Cart" data-provider="getCredentialsTestData" finished-at="2023-07-19T23:00:06 IST" duration-ms="899" status="PASS">
          <params>
            <param index="0">
              <value>
                <![CDATA[standard_user]]>
              </value>
            </param>
            <param index="1">
              <value>
                <![CDATA[secret_sauce]]>
              </value>
            </param>
          </params>
          <reporter-output>
          </reporter-output>
        </test-method> <!-- verify_Product_In_Cart -->
        <test-method is-config="true" signature="tearDown()[pri:0, instance:pageTests.YourCartPageTest@1abfe081]" started-at="2023-07-19T23:00:06 IST" name="tearDown" finished-at="2023-07-19T23:00:07 IST" duration-ms="116" status="PASS">
          <reporter-output>
          </reporter-output>
        </test-method> <!-- tearDown -->
        <test-method is-config="true" signature="setUp()[pri:0, instance:pageTests.YourCartPageTest@1abfe081]" started-at="2023-07-19T23:00:07 IST" name="setUp" finished-at="2023-07-19T23:00:10 IST" duration-ms="3246" status="PASS">
          <reporter-output>
          </reporter-output>
        </test-method> <!-- setUp -->
        <test-method signature="verify_removeProduct_From_CartPage(java.lang.String,java.lang.String)[pri:0, instance:pageTests.YourCartPageTest@1abfe081]" started-at="2023-07-19T23:00:10 IST" name="verify_removeProduct_From_CartPage" description="Removing product from Cart" data-provider="getCredentialsTestData" finished-at="2023-07-19T23:00:26 IST" duration-ms="16023" status="FAIL">
          <params>
            <param index="0">
              <value>
                <![CDATA[standard_user]]>
              </value>
            </param>
            <param index="1">
              <value>
                <![CDATA[secret_sauce]]>
              </value>
            </param>
          </params>
          <exception class="java.lang.AssertionError">
            <message>
              <![CDATA[The following asserts failed:
Product from cart is not removed expected [true] but found [false]]]>
            </message>
            <full-stacktrace>
              <![CDATA[java.lang.AssertionError: The following asserts failed:
Product from cart is not removed expected [true] but found [false]
at org.testng.asserts.SoftAssert.assertAll(SoftAssert.java:47)
at org.testng.asserts.SoftAssert.assertAll(SoftAssert.java:31)
at pageTests.YourCartPageTest.verify_removeProduct_From_CartPage(YourCartPageTest.java:107)
at java.base/jdk.internal.reflect.NativeMethodAccessorImpl.invoke0(Native Method)
at java.base/jdk.internal.reflect.NativeMethodAccessorImpl.invoke(NativeMethodAccessorImpl.java:62)
at java.base/jdk.internal.reflect.DelegatingMethodAccessorImpl.invoke(DelegatingMethodAccessorImpl.java:43)
at java.base/java.lang.reflect.Method.invoke(Method.java:566)
at org.testng.internal.MethodInvocationHelper.invokeMethod(MethodInvocationHelper.java:133)
at org.testng.internal.TestInvoker.invokeMethod(TestInvoker.java:598)
at org.testng.internal.TestInvoker.invokeTestMethod(TestInvoker.java:173)
at org.testng.internal.MethodRunner.runInSequence(MethodRunner.java:46)
at org.testng.internal.TestInvoker$MethodInvocationAgent.invoke(TestInvoker.java:824)
at org.testng.internal.TestInvoker.invokeTestMethods(TestInvoker.java:146)
at org.testng.internal.TestMethodWorker.invokeTestMethods(TestMethodWorker.java:146)
at org.testng.internal.TestMethodWorker.run(TestMethodWorker.java:128)
at java.base/java.util.ArrayList.forEach(ArrayList.java:1541)
at org.testng.TestRunner.privateRun(TestRunner.java:794)
at org.testng.TestRunner.run(TestRunner.java:596)
at org.testng.SuiteRunner.runTest(SuiteRunner.java:377)
at org.testng.SuiteRunner.runSequentially(SuiteRunner.java:371)
at org.testng.SuiteRunner.privateRun(SuiteRunner.java:332)
at org.testng.SuiteRunner.run(SuiteRunner.java:276)
at org.testng.SuiteRunnerWorker.runSuite(SuiteRunnerWorker.java:53)
at org.testng.SuiteRunnerWorker.run(SuiteRunnerWorker.java:96)
at org.testng.TestNG.runSuitesSequentially(TestNG.java:1212)
at org.testng.TestNG.runSuitesLocally(TestNG.java:1134)
at org.testng.TestNG.runSuites(TestNG.java:1063)
at org.testng.TestNG.run(TestNG.java:1031)
at org.testng.remote.AbstractRemoteTestNG.run(AbstractRemoteTestNG.java:115)
at org.testng.remote.RemoteTestNG.initAndRun(RemoteTestNG.java:251)
at org.testng.remote.RemoteTestNG.main(RemoteTestNG.java:77)
]]>
            </full-stacktrace>
          </exception> <!-- java.lang.AssertionError -->
          <reporter-output>
          </reporter-output>
        </test-method> <!-- verify_removeProduct_From_CartPage -->
        <test-method is-config="true" signature="tearDown()[pri:0, instance:pageTests.YourCartPageTest@1abfe081]" started-at="2023-07-19T23:00:26 IST" name="tearDown" finished-at="2023-07-19T23:00:26 IST" duration-ms="167" status="PASS">
          <reporter-output>
          </reporter-output>
        </test-method> <!-- tearDown -->
      </class> <!-- pageTests.YourCartPageTest -->
      <class name="pageTests.LoginPageTest">
        <test-method is-config="true" signature="setUp()[pri:0, instance:pageTests.LoginPageTest@3efedc6f]" started-at="2023-07-19T23:00:49 IST" name="setUp" finished-at="2023-07-19T23:00:52 IST" duration-ms="3170" status="PASS">
          <reporter-output>
          </reporter-output>
        </test-method> <!-- setUp -->
        <test-method signature="verifyLoginPageTest()[pri:0, instance:pageTests.LoginPageTest@3efedc6f]" started-at="2023-07-19T23:00:52 IST" name="verifyLoginPageTest" finished-at="2023-07-19T23:00:52 IST" duration-ms="381" status="PASS">
          <reporter-output>
          </reporter-output>
        </test-method> <!-- verifyLoginPageTest -->
        <test-method is-config="true" signature="tearDown()[pri:0, instance:pageTests.LoginPageTest@3efedc6f]" started-at="2023-07-19T23:00:52 IST" name="tearDown" finished-at="2023-07-19T23:00:52 IST" duration-ms="125" status="PASS">
          <reporter-output>
          </reporter-output>
        </test-method> <!-- tearDown -->
      </class> <!-- pageTests.LoginPageTest -->
    </test> <!-- Test - SauceLabs Demo Website -->
  </suite> <!-- Suite -->
</testng-results>
